Reached submit_vote.php
Array
(
    [candidate_id] => 13
)
Reached submit_vote.php
Array
(
    [candidate_id] => 13
)
Reached submit_vote.php
Array
(
)
Reached submit_vote.php
Array
(
    [candidate_id] => 15
)
Reached submit_vote.php
Array
(
    [candidate_id] => 15
)
Reached submit_vote.php
Array
(
    [candidate_id] => 15
)
Reached submit_vote.php
Array
(
    [candidate_id] => 15
)
Reached submit_vote.php
Array
(
    [candidate_id] => 15
)
Reached submit_vote.php
Array
(
    [candidate_id] => 15
)
Reached submit_vote.php
Array
(
    [candidate_id] => 15
)
Reached submit_vote.php
Array
(
    [candidate_id] => 15
)
Reached submit_vote.php
Array
(
    [candidate_id] => 15
)
Reached submit_vote.php
Array
(
    [candidate_id] => 14
)
Reached submit_vote.php
Array
(
    [candidate_id] => 13
)
Reached submit_vote.php
Array
(
    [candidate_id] => 13
)
Reached submit_vote.php
Array
(
    [candidate_id] => 13
)
Reached submit_vote.php
Array
(
    [candidate_id] => 13
)
Reached submit_vote.php
Array
(
    [candidate_id] => 13
)
Reached submit_vote.php
Array
(
    [candidate_id] => 13
)
Reached submit_vote.php
Array
(
    [candidate_id] => 13
)
Reached submit_vote.php
Array
(
    [candidate_id] => 13
)
Reached submit_vote.php
Array
(
    [candidate_id] => 13
)
Reached submit_vote.php
Array
(
    [candidate_id] => 13
)
Reached submit_vote.php
Array
(
    [candidate_id] => 14
)
Reached submit_vote.php
Array
(
    [candidate_id] => 13
)
Reached submit_vote.php
Array
(
    [candidate_id] => 13
)
Reached submit_vote.php
Array
(
    [candidate_id] => 13
)
Reached submit_vote.php
Array
(
    [candidate_id] => 13
)
Reached submit_vote.php
Array
(
    [candidate_id] => 13
)
Reached submit_vote.php
Array
(
    [candidate_id] => 13
)
Reached submit_vote.php
Array
(
    [candidate_id] => 13
)
